<?xml version="1.0" encoding="UTF-8"?>
<!-- Generated by org.testng.reporters.JUnitXMLReporter -->
<testsuite ignored="0" hostname="DESKTOP-TAIO5AR" failures="0" tests="6" name="Test" time="23.633" errors="0" timestamp="2021-12-14T15:54:47 IST">
  <testcase classname="apitests.Test1" name="test_1" time="12.131"/>
  <testcase classname="apitests.Test2GetAndPost" name="testGet" time="7.184"/>
  <testcase classname="apitests.Test2GetAndPost" name="testpost" time="1.616"/>
  <testcase classname="apitests.Test3PutPatchDelete" name="testput" time="0.86"/>
  <testcase classname="apitests.Test3PutPatchDelete" name="testpatch" time="0.862"/>
  <testcase classname="apitests.Test3PutPatchDelete" name="testDelete" time="0.792"/>
</testsuite> <!-- Test -->
