<?xml version="1.0" encoding="UTF-8"?>
<testng-results ignored="0" total="2" passed="2" failed="0" skipped="0">
  <reporter-output>
  </reporter-output>
  <suite started-at="2021-12-12T15:09:01 IST" name="Default suite" finished-at="2021-12-12T15:09:10 IST" duration-ms="9155">
    <groups>
    </groups>
    <test started-at="2021-12-12T15:09:01 IST" name="Default test" finished-at="2021-12-12T15:09:10 IST" duration-ms="9155">
      <class name="apitests.Test2GetAndPost">
        <test-method signature="testGet()[pri:-1, instance:apitests.Test2GetAndPost@2f8dad04]" started-at="2021-12-12T15:09:01 IST" name="testGet" finished-at="2021-12-12T15:09:09 IST" duration-ms="7613" status="PASS">
          <reporter-output>
          </reporter-output>
        </test-method> <!-- testGet -->
        <test-method signature="testpost()[pri:1, instance:apitests.Test2GetAndPost@2f8dad04]" started-at="2021-12-12T15:09:09 IST" name="testpost" finished-at="2021-12-12T15:09:10 IST" duration-ms="1456" status="PASS">
          <reporter-output>
          </reporter-output>
        </test-method> <!-- testpost -->
      </class> <!-- apitests.Test2GetAndPost -->
    </test> <!-- Default test -->
  </suite> <!-- Default suite -->
</testng-results>
